<?xml version="1.0" encoding="UTF-8"?>
<!-- Generated by org.testng.reporters.JUnitReportReporter -->
<testsuite hostname="DESKTOP-64VRLD2" failures="0" tests="1" name="auth.Certificate" time="2.717" errors="0" timestamp="2024-03-18T20:56:31 IST" skipped="0">
  <testcase classname="auth.Certificate" name="testCase" time="2.717"/>
</testsuite> <!-- auth.Certificate -->
