<?xml version="1.0" encoding="UTF-8"?>
<!-- Generated by org.testng.reporters.JUnitReportReporter -->
<testsuite hostname="DESKTOP-64VRLD2" failures="0" tests="1" name="pojo.ComplexPost" time="3.200" errors="0" timestamp="2024-03-08T17:42:47 IST" skipped="0">
  <testcase classname="pojo.ComplexPost" name="post" time="3.200"/>
</testsuite> <!-- pojo.ComplexPost -->
