<?xml version="1.0" encoding="UTF-8"?>
<!-- Generated by org.testng.reporters.JUnitReportReporter -->
<testsuite hostname="DESKTOP-64VRLD2" failures="0" tests="1" name="auth.MultiAuth" time="2.680" errors="0" timestamp="2024-03-18T20:41:59 IST" skipped="0">
  <testcase classname="auth.MultiAuth" name="testCase2" time="2.680"/>
</testsuite> <!-- auth.MultiAuth -->
