<?xml version="1.0" encoding="UTF-8"?>
<!-- Generated by org.testng.reporters.JUnitReportReporter -->
<testsuite hostname="DESKTOP-64VRLD2" failures="0" tests="1" name="Schema.UpdateUserPatch" time="3.646" errors="0" timestamp="2024-01-29T19:51:50 IST" skipped="0">
  <testcase classname="Schema.UpdateUserPatch" name="createUser" time="3.646"/>
</testsuite> <!-- Schema.UpdateUserPatch -->
